platforms/android/build/outputs/logs/manifest-merger-debug-report.txt
-- Merging decision tree log ---
manifest
ADDED from platforms/android/AndroidManifest.xml:2:1-32:12
	package
		ADDED from platforms/android/AndroidManifest.xml:2:98-128
		INJECTED from platforms/android/AndroidManifest.xml
		INJECTED from platforms/android/AndroidManifest.xml
	android:versionName
		ADDED from platforms/android/AndroidManifest.xml:2:70-97
		INJECTED from platforms/android/AndroidManifest.xml
		INJECTED from platforms/android/AndroidManifest.xml
	android:hardwareAccelerated
		ADDED from platforms/android/AndroidManifest.xml:2:11-45
	android:versionCode
		ADDED from platforms/android/AndroidManifest.xml:2:46-69
		INJECTED from platforms/android/AndroidManifest.xml
		INJECTED from platforms/android/AndroidManifest.xml
	xmlns:android
		ADDED from platforms/android/AndroidManifest.xml:2:129-187
supports-screens
ADDED from platforms/android/AndroidManifest.xml:3:5-191
	android:largeScreens
		ADDED from platforms/android/AndroidManifest.xml:3:49-76
	android:smallScreens
		ADDED from platforms/android/AndroidManifest.xml:3:132-159
	android:normalScreens
		ADDED from platforms/android/AndroidManifest.xml:3:77-105
	android:xlargeScreens
		ADDED from platforms/android/AndroidManifest.xml:3:160-188
	android:resizeable
		ADDED from platforms/android/AndroidManifest.xml:3:106-131
	android:anyDensity
		ADDED from platforms/android/AndroidManifest.xml:3:23-48
uses-permission#android.permission.INTERNET
ADDED from platforms/android/AndroidManifest.xml:4:5-67
MERGED from [com.onesignal:OneSignal:3.4.1] AndroidManifest.xml:14:5-67
MERGED from [com.google.android.gms:play-services-gcm:10.0.0] AndroidManifest.xml:21:5-66
MERGED from [com.google.android.gms:play-services-iid:10.0.0] AndroidManifest.xml:21:5-66
MERGED from [com.google.android.gms:play-services-analytics:10.0.0] AndroidManifest.xml:20:5-66
MERGED from [com.google.android.gms:play-services-analytics-impl:10.0.0] AndroidManifest.xml:20:5-66
MERGED from [com.google.android.gms:play-services-analytics-impl:10.0.0] AndroidManifest.xml:20:5-66
	android:name
		ADDED from platforms/android/AndroidManifest.xml:4:22-64
application
ADDED from platforms/android/AndroidManifest.xml:5:5-24:19
MERGED from [com.onesignal:OneSignal:3.4.1] AndroidManifest.xml:37:5-76:19
MERGED from [com.google.android.gms:play-services-gcm:10.0.0] AndroidManifest.xml:23:5-19
MERGED from [com.google.android.gms:play-services-base:10.0.0] AndroidManifest.xml:18:5-20:19
MERGED from [com.google.android.gms:play-services-basement:10.0.0] AndroidManifest.xml:19:5-21:19
MERGED from [com.android.support:support-v4:24.0.0] AndroidManifest.xml:25:5-20
MERGED from [com.google.android.gms:play-services-tasks:10.0.0] AndroidManifest.xml:4:5-19
MERGED from [com.google.android.gms:play-services-basement:10.0.0] AndroidManifest.xml:19:5-21:19
MERGED from [com.android.support:support-v4:24.0.0] AndroidManifest.xml:25:5-20
MERGED from [com.google.android.gms:play-services-basement:10.0.0] AndroidManifest.xml:19:5-21:19
MERGED from [com.android.support:support-v4:24.0.0] AndroidManifest.xml:25:5-20
MERGED from [com.google.android.gms:play-services-iid:10.0.0] AndroidManifest.xml:23:5-19
MERGED from [com.google.android.gms:play-services-base:10.0.0] AndroidManifest.xml:18:5-20:19
MERGED from [com.google.android.gms:play-services-basement:10.0.0] AndroidManifest.xml:19:5-21:19
MERGED from [com.android.support:support-v4:24.0.0] AndroidManifest.xml:25:5-20
MERGED from [com.google.android.gms:play-services-tasks:10.0.0] AndroidManifest.xml:4:5-19
MERGED from [com.google.android.gms:play-services-basement:10.0.0] AndroidManifest.xml:19:5-21:19
MERGED from [com.android.support:support-v4:24.0.0] AndroidManifest.xml:25:5-20
MERGED from [com.google.android.gms:play-services-basement:10.0.0] AndroidManifest.xml:19:5-21:19
MERGED from [com.android.support:support-v4:24.0.0] AndroidManifest.xml:25:5-20
MERGED from [com.google.android.gms:play-services-analytics:10.0.0] AndroidManifest.xml:26:5-19
MERGED from [com.google.android.gms:play-services-analytics-impl:10.0.0] AndroidManifest.xml:26:5-19
MERGED from [com.google.android.gms:play-services-base:10.0.0] AndroidManifest.xml:18:5-20:19
MERGED from [com.google.android.gms:play-services-basement:10.0.0] AndroidManifest.xml:19:5-21:19
MERGED from [com.android.support:support-v4:24.0.0] AndroidManifest.xml:25:5-20
MERGED from [com.google.android.gms:play-services-tasks:10.0.0] AndroidManifest.xml:4:5-19
MERGED from [com.google.android.gms:play-services-basement:10.0.0] AndroidManifest.xml:19:5-21:19
MERGED from [com.android.support:support-v4:24.0.0] AndroidManifest.xml:25:5-20
MERGED from [com.google.android.gms:play-services-basement:10.0.0] AndroidManifest.xml:19:5-21:19
MERGED from [com.android.support:support-v4:24.0.0] AndroidManifest.xml:25:5-20
MERGED from [com.google.android.gms:play-services-base:10.0.0] AndroidManifest.xml:18:5-20:19
MERGED from [com.google.android.gms:play-services-basement:10.0.0] AndroidManifest.xml:19:5-21:19
MERGED from [com.android.support:support-v4:24.0.0] AndroidManifest.xml:25:5-20
MERGED from [com.google.android.gms:play-services-tasks:10.0.0] AndroidManifest.xml:4:5-19
MERGED from [com.google.android.gms:play-services-basement:10.0.0] AndroidManifest.xml:19:5-21:19
MERGED from [com.android.support:support-v4:24.0.0] AndroidManifest.xml:25:5-20
MERGED from [com.google.android.gms:play-services-basement:10.0.0] AndroidManifest.xml:19:5-21:19
MERGED from [com.android.support:support-v4:24.0.0] AndroidManifest.xml:25:5-20
MERGED from [com.google.android.gms:play-services-tagmanager-v4-impl:10.0.0] AndroidManifest.xml:19:5-19
MERGED from [com.google.android.gms:play-services-analytics-impl:10.0.0] AndroidManifest.xml:26:5-19
MERGED from [com.google.android.gms:play-services-base:10.0.0] AndroidManifest.xml:18:5-20:19
MERGED from [com.google.android.gms:play-services-basement:10.0.0] AndroidManifest.xml:19:5-21:19
MERGED from [com.android.support:support-v4:24.0.0] AndroidManifest.xml:25:5-20
MERGED from [com.google.android.gms:play-services-tasks:10.0.0] AndroidManifest.xml:4:5-19
MERGED from [com.google.android.gms:play-services-basement:10.0.0] AndroidManifest.xml:19:5-21:19
MERGED from [com.android.support:support-v4:24.0.0] AndroidManifest.xml:25:5-20
MERGED from [com.google.android.gms:play-services-basement:10.0.0] AndroidManifest.xml:19:5-21:19
MERGED from [com.android.support:support-v4:24.0.0] AndroidManifest.xml:25:5-20
MERGED from [com.google.android.gms:play-services-base:10.0.0] AndroidManifest.xml:18:5-20:19
MERGED from [com.google.android.gms:play-services-basement:10.0.0] AndroidManifest.xml:19:5-21:19
MERGED from [com.android.support:support-v4:24.0.0] AndroidManifest.xml:25:5-20
MERGED from [com.google.android.gms:play-services-tasks:10.0.0] AndroidManifest.xml:4:5-19
MERGED from [com.google.android.gms:play-services-basement:10.0.0] AndroidManifest.xml:19:5-21:19
MERGED from [com.android.support:support-v4:24.0.0] AndroidManifest.xml:25:5-20
MERGED from [com.google.android.gms:play-services-basement:10.0.0] AndroidManifest.xml:19:5-21:19
MERGED from [com.android.support:support-v4:24.0.0] AndroidManifest.xml:25:5-20
MERGED from [com.google.android.gms:play-services-location:10.0.0] AndroidManifest.xml:5:5-6:19
MERGED from [com.google.android.gms:play-services-base:10.0.0] AndroidManifest.xml:18:5-20:19
MERGED from [com.google.android.gms:play-services-basement:10.0.0] AndroidManifest.xml:19:5-21:19
MERGED from [com.android.support:support-v4:24.0.0] AndroidManifest.xml:25:5-20
MERGED from [com.google.android.gms:play-services-tasks:10.0.0] AndroidManifest.xml:4:5-19
MERGED from [com.google.android.gms:play-services-basement:10.0.0] AndroidManifest.xml:19:5-21:19
MERGED from [com.android.support:support-v4:24.0.0] AndroidManifest.xml:25:5-20
MERGED from [com.google.android.gms:play-services-basement:10.0.0] AndroidManifest.xml:19:5-21:19
MERGED from [com.android.support:support-v4:24.0.0] AndroidManifest.xml:25:5-20
MERGED from [com.google.android.gms:play-services-tasks:10.0.0] AndroidManifest.xml:4:5-19
MERGED from [com.google.android.gms:play-services-basement:10.0.0] AndroidManifest.xml:19:5-21:19
MERGED from [com.android.support:support-v4:24.0.0] AndroidManifest.xml:25:5-20
MERGED from [com.facebook.android:facebook-android-sdk:4.14.1] AndroidManifest.xml:28:5-37:19
MERGED from [com.android.support:customtabs:23.4.0] AndroidManifest.xml:22:5-20
MERGED from [com.android.support:support-v4:24.0.0] AndroidManifest.xml:25:5-20
MERGED from [com.android.support:support-v4:24.0.0] AndroidManifest.xml:25:5-20
MERGED from [com.android.support:cardview-v7:23.4.0] AndroidManifest.xml:22:5-20
	android:label
		ADDED from platforms/android/AndroidManifest.xml:5:83-115
	android:supportsRtl
		ADDED from platforms/android/AndroidManifest.xml:5:116-142
	android:hardwareAccelerated
		ADDED from platforms/android/AndroidManifest.xml:5:18-52
	android:icon
		ADDED from platforms/android/AndroidManifest.xml:5:53-82
activity#br.com.amigochef.app.MainActivity
ADDED from platforms/android/AndroidManifest.xml:6:9-11:20
	android:label
		ADDED from platforms/android/AndroidManifest.xml:6:97-134
	android:launchMode
		ADDED from platforms/android/AndroidManifest.xml:6:135-165
	android:windowSoftInputMode
		ADDED from platforms/android/AndroidManifest.xml:6:257-299
	android:configChanges
		ADDED from platforms/android/AndroidManifest.xml:6:19-96
	android:theme
		ADDED from platforms/android/AndroidManifest.xml:6:194-256
	android:name
		ADDED from platforms/android/AndroidManifest.xml:6:166-193
intent-filter#android.intent.action.MAIN+android.intent.category.LAUNCHER
ADDED from platforms/android/AndroidManifest.xml:7:13-10:29
	android:label
		ADDED from platforms/android/AndroidManifest.xml:7:28-65
action#android.intent.action.MAIN
ADDED from platforms/android/AndroidManifest.xml:8:17-69
	android:name
		ADDED from platforms/android/AndroidManifest.xml:8:25-66
category#android.intent.category.LAUNCHER
ADDED from platforms/android/AndroidManifest.xml:9:17-77
	android:name
		ADDED from platforms/android/AndroidManifest.xml:9:27-74
amazon:enable-feature
ADDED from platforms/android/AndroidManifest.xml:12:9-159
	xmlns:amazon
		ADDED from platforms/android/AndroidManifest.xml:12:100-156
	android:required
		ADDED from platforms/android/AndroidManifest.xml:12:75-99
	android:name
		ADDED from platforms/android/AndroidManifest.xml:12:32-74
service#com.onesignal.ADMMessageHandler
ADDED from platforms/android/AndroidManifest.xml:13:9-92
	android:exported
		ADDED from platforms/android/AndroidManifest.xml:13:18-42
	android:name
		ADDED from platforms/android/AndroidManifest.xml:13:43-89
receiver#com.onesignal.ADMMessageHandler$Receiver
ADDED from platforms/android/AndroidManifest.xml:14:9-20:20
	android:permission
		ADDED from platforms/android/AndroidManifest.xml:14:75-139
	android:name
		ADDED from platforms/android/AndroidManifest.xml:14:19-74
intent-filter#br.com.amigochef.app+com.amazon.device.messaging.intent.RECEIVE+com.amazon.device.messaging.intent.REGISTRATION
ADDED from platforms/android/AndroidManifest.xml:15:13-19:29
action#com.amazon.device.messaging.intent.REGISTRATION
ADDED from platforms/android/AndroidManifest.xml:16:17-90
	android:name
		ADDED from platforms/android/AndroidManifest.xml:16:25-87
action#com.amazon.device.messaging.intent.RECEIVE
ADDED from platforms/android/AndroidManifest.xml:17:17-85
	android:name
		ADDED from platforms/android/AndroidManifest.xml:17:25-82
category#br.com.amigochef.app
ADDED from platforms/android/AndroidManifest.xml:18:17-65
	android:name
		ADDED from platforms/android/AndroidManifest.xml:18:27-62
meta-data#com.facebook.sdk.ApplicationId
ADDED from platforms/android/AndroidManifest.xml:21:9-102
	android:value
		ADDED from platforms/android/AndroidManifest.xml:21:66-99
	android:name
		ADDED from platforms/android/AndroidManifest.xml:21:20-65
meta-data#com.facebook.sdk.ApplicationName
ADDED from platforms/android/AndroidManifest.xml:22:9-106
	android:value
		ADDED from platforms/android/AndroidManifest.xml:22:68-103
	android:name
		ADDED from platforms/android/AndroidManifest.xml:22:20-67
activity#com.facebook.FacebookActivity
ADDED from platforms/android/AndroidManifest.xml:23:9-246
MERGED from [com.facebook.android:facebook-android-sdk:4.14.1] AndroidManifest.xml:29:9-32:75
	android:label
		ADDED from platforms/android/AndroidManifest.xml:23:103-138
	android:configChanges
		ADDED from platforms/android/AndroidManifest.xml:23:19-102
	android:theme
		ADDED from platforms/android/AndroidManifest.xml:23:184-243
	android:name
		ADDED from platforms/android/AndroidManifest.xml:23:139-183
uses-sdk
ADDED from platforms/android/AndroidManifest.xml:25:5-74
MERGED from [com.onesignal:OneSignal:3.4.1] AndroidManifest.xml:4:5-43
MERGED from [com.google.android.gms:play-services-gcm:10.0.0] AndroidManifest.xml:17:5-42
MERGED from [com.google.android.gms:play-services-base:10.0.0] AndroidManifest.xml:17:5-42
MERGED from [com.google.android.gms:play-services-basement:10.0.0] AndroidManifest.xml:17:5-42
MERGED from [com.android.support:support-v4:24.0.0] AndroidManifest.xml:21:5-23:54
MERGED from [com.google.android.gms:play-services-tasks:10.0.0] AndroidManifest.xml:3:5-42
MERGED from [com.google.android.gms:play-services-basement:10.0.0] AndroidManifest.xml:17:5-42
MERGED from [com.android.support:support-v4:24.0.0] AndroidManifest.xml:21:5-23:54
MERGED from [com.google.android.gms:play-services-basement:10.0.0] AndroidManifest.xml:17:5-42
MERGED from [com.android.support:support-v4:24.0.0] AndroidManifest.xml:21:5-23:54
MERGED from [com.google.android.gms:play-services-iid:10.0.0] AndroidManifest.xml:17:5-42
MERGED from [com.google.android.gms:play-services-base:10.0.0] AndroidManifest.xml:17:5-42
MERGED from [com.google.android.gms:play-services-basement:10.0.0] AndroidManifest.xml:17:5-42
MERGED from [com.android.support:support-v4:24.0.0] AndroidManifest.xml:21:5-23:54
MERGED from [com.google.android.gms:play-services-tasks:10.0.0] AndroidManifest.xml:3:5-42
MERGED from [com.google.android.gms:play-services-basement:10.0.0] AndroidManifest.xml:17:5-42
MERGED from [com.android.support:support-v4:24.0.0] AndroidManifest.xml:21:5-23:54
MERGED from [com.google.android.gms:play-services-basement:10.0.0] AndroidManifest.xml:17:5-42
MERGED from [com.android.support:support-v4:24.0.0] AndroidManifest.xml:21:5-23:54
MERGED from [com.google.android.gms:play-services-analytics:10.0.0] AndroidManifest.xml:17:5-42
MERGED from [com.google.android.gms:play-services-analytics-impl:10.0.0] AndroidManifest.xml:17:5-42
MERGED from [com.google.android.gms:play-services-base:10.0.0] AndroidManifest.xml:17:5-42
MERGED from [com.google.android.gms:play-services-basement:10.0.0] AndroidManifest.xml:17:5-42
MERGED from [com.android.support:support-v4:24.0.0] AndroidManifest.xml:21:5-23:54
MERGED from [com.google.android.gms:play-services-tasks:10.0.0] AndroidManifest.xml:3:5-42
MERGED from [com.google.android.gms:play-services-basement:10.0.0] AndroidManifest.xml:17:5-42
MERGED from [com.android.support:support-v4:24.0.0] AndroidManifest.xml:21:5-23:54
MERGED from [com.google.android.gms:play-services-basement:10.0.0] AndroidManifest.xml:17:5-42
MERGED from [com.android.support:support-v4:24.0.0] AndroidManifest.xml:21:5-23:54
MERGED from [com.google.android.gms:play-services-base:10.0.0] AndroidManifest.xml:17:5-42
MERGED from [com.google.android.gms:play-services-basement:10.0.0] AndroidManifest.xml:17:5-42
MERGED from [com.android.support:support-v4:24.0.0] AndroidManifest.xml:21:5-23:54
MERGED from [com.google.android.gms:play-services-tasks:10.0.0] AndroidManifest.xml:3:5-42
MERGED from [com.google.android.gms:play-services-basement:10.0.0] AndroidManifest.xml:17:5-42
MERGED from [com.android.support:support-v4:24.0.0] AndroidManifest.xml:21:5-23:54
MERGED from [com.google.android.gms:play-services-basement:10.0.0] AndroidManifest.xml:17:5-42
MERGED from [com.android.support:support-v4:24.0.0] AndroidManifest.xml:21:5-23:54
MERGED from [com.google.android.gms:play-services-tagmanager-v4-impl:10.0.0] AndroidManifest.xml:17:5-42
MERGED from [com.google.android.gms:play-services-analytics-impl:10.0.0] AndroidManifest.xml:17:5-42
MERGED from [com.google.android.gms:play-services-base:10.0.0] AndroidManifest.xml:17:5-42
MERGED from [com.google.android.gms:play-services-basement:10.0.0] AndroidManifest.xml:17:5-42
MERGED from [com.android.support:support-v4:24.0.0] AndroidManifest.xml:21:5-23:54
MERGED from [com.google.android.gms:play-services-tasks:10.0.0] AndroidManifest.xml:3:5-42
MERGED from [com.google.android.gms:play-services-basement:10.0.0] AndroidManifest.xml:17:5-42
MERGED from [com.android.support:support-v4:24.0.0] AndroidManifest.xml:21:5-23:54
MERGED from [com.google.android.gms:play-services-basement:10.0.0] AndroidManifest.xml:17:5-42
MERGED from [com.android.support:support-v4:24.0.0] AndroidManifest.xml:21:5-23:54
MERGED from [com.google.android.gms:play-services-base:10.0.0] AndroidManifest.xml:17:5-42
MERGED from [com.google.android.gms:play-services-basement:10.0.0] AndroidManifest.xml:17:5-42
MERGED from [com.android.support:support-v4:24.0.0] AndroidManifest.xml:21:5-23:54
MERGED from [com.google.android.gms:play-services-tasks:10.0.0] AndroidManifest.xml:3:5-42
MERGED from [com.google.android.gms:play-services-basement:10.0.0] AndroidManifest.xml:17:5-42
MERGED from [com.android.support:support-v4:24.0.0] AndroidManifest.xml:21:5-23:54
MERGED from [com.google.android.gms:play-services-basement:10.0.0] AndroidManifest.xml:17:5-42
MERGED from [com.android.support:support-v4:24.0.0] AndroidManifest.xml:21:5-23:54
MERGED from [com.google.android.gms:play-services-base:10.0.0] AndroidManifest.xml:17:5-42
MERGED from [com.google.android.gms:play-services-basement:10.0.0] AndroidManifest.xml:17:5-42
MERGED from [com.android.support:support-v4:24.0.0] AndroidManifest.xml:21:5-23:54
MERGED from [com.google.android.gms:play-services-tasks:10.0.0] AndroidManifest.xml:3:5-42
MERGED from [com.google.android.gms:play-services-basement:10.0.0] AndroidManifest.xml:17:5-42
MERGED from [com.android.support:support-v4:24.0.0] AndroidManifest.xml:21:5-23:54
MERGED from [com.google.android.gms:play-services-basement:10.0.0] AndroidManifest.xml:17:5-42
MERGED from [com.android.support:support-v4:24.0.0] AndroidManifest.xml:21:5-23:54
MERGED from [com.google.android.gms:play-services-tasks:10.0.0] AndroidManifest.xml:3:5-42
MERGED from [com.google.android.gms:play-services-basement:10.0.0] AndroidManifest.xml:17:5-42
MERGED from [com.android.support:support-v4:24.0.0] AndroidManifest.xml:21:5-23:54
MERGED from [com.facebook.android:facebook-android-sdk:4.14.1] AndroidManifest.xml:24:5-26:41
MERGED from [com.android.support:customtabs:23.4.0] AndroidManifest.xml:20:5-44
MERGED from [com.android.support:support-v4:24.0.0] AndroidManifest.xml:21:5-23:54
MERGED from [com.android.support:support-v4:24.0.0] AndroidManifest.xml:21:5-23:54
MERGED from [com.android.support:cardview-v7:23.4.0] AndroidManifest.xml:20:5-43
MERGED from [android:CordovaLib:unspecified:debug] AndroidManifest.xml:25:5-44
	tools:overrideLibrary
		ADDED from [com.android.support:support-v4:24.0.0] AndroidManifest.xml:23:9-51
	android:targetSdkVersion
		ADDED from platforms/android/AndroidManifest.xml:25:42-71
	android:minSdkVersion
		ADDED from platforms/android/AndroidManifest.xml:25:15-41
uses-permission#android.permission.WRITE_EXTERNAL_STORAGE
ADDED from platforms/android/AndroidManifest.xml:26:5-81
	android:name
		ADDED from platforms/android/AndroidManifest.xml:26:22-78
uses-permission#com.amazon.device.messaging.permission.RECEIVE
ADDED from platforms/android/AndroidManifest.xml:27:5-86
	android:name
		ADDED from platforms/android/AndroidManifest.xml:27:22-83
permission#br.com.amigochef.app.permission.RECEIVE_ADM_MESSAGE
ADDED from platforms/android/AndroidManifest.xml:28:5-122
	android:protectionLevel
		ADDED from platforms/android/AndroidManifest.xml:28:84-119
	android:name
		ADDED from platforms/android/AndroidManifest.xml:28:17-83
uses-permission#br.com.amigochef.app.permission.RECEIVE_ADM_MESSAGE
ADDED from platforms/android/AndroidManifest.xml:29:5-91
	android:name
		ADDED from platforms/android/AndroidManifest.xml:29:22-88
uses-permission#android.permission.ACCESS_COARSE_LOCATION
ADDED from platforms/android/AndroidManifest.xml:30:5-81
	android:name
		ADDED from platforms/android/AndroidManifest.xml:30:22-78
uses-permission#android.permission.ACCESS_FINE_LOCATION
ADDED from platforms/android/AndroidManifest.xml:31:5-79
	android:name
		ADDED from platforms/android/AndroidManifest.xml:31:22-76
permission#${applicationId}.permission.C2D_MESSAGE
ADDED from [com.onesignal:OneSignal:3.4.1] AndroidManifest.xml:7:5-9:47
	android:protectionLevel
		ADDED from [com.onesignal:OneSignal:3.4.1] AndroidManifest.xml:9:9-44
	android:name
		ADDED from [com.onesignal:OneSignal:3.4.1] AndroidManifest.xml:8:9-63
uses-permission#${applicationId}.permission.C2D_MESSAGE
ADDED from [com.onesignal:OneSignal:3.4.1] AndroidManifest.xml:11:5-79
	android:name
		ADDED from [com.onesignal:OneSignal:3.4.1] AndroidManifest.xml:11:22-76
uses-permission#com.google.android.c2dm.permission.RECEIVE
ADDED from [com.onesignal:OneSignal:3.4.1] AndroidManifest.xml:15:5-82
MERGED from [com.google.android.gms:play-services-gcm:10.0.0] AndroidManifest.xml:20:5-81
MERGED from [com.google.android.gms:play-services-iid:10.0.0] AndroidManifest.xml:20:5-81
	android:name
		ADDED from [com.onesignal:OneSignal:3.4.1] AndroidManifest.xml:15:22-79
uses-permission#android.permission.WAKE_LOCK
ADDED from [com.onesignal:OneSignal:3.4.1] AndroidManifest.xml:16:5-68
MERGED from [com.google.android.gms:play-services-analytics:10.0.0] AndroidManifest.xml:24:5-67
MERGED from [com.google.android.gms:play-services-analytics-impl:10.0.0] AndroidManifest.xml:24:5-67
MERGED from [com.google.android.gms:play-services-analytics-impl:10.0.0] AndroidManifest.xml:24:5-67
	android:name
		ADDED from [com.onesignal:OneSignal:3.4.1] AndroidManifest.xml:16:22-65
uses-permission#android.permission.VIBRATE
ADDED from [com.onesignal:OneSignal:3.4.1] AndroidManifest.xml:21:5-66
	android:name
		ADDED from [com.onesignal:OneSignal:3.4.1] AndroidManifest.xml:21:22-63
uses-permission#android.permission.ACCESS_NETWORK_STATE
ADDED from [com.onesignal:OneSignal:3.4.1] AndroidManifest.xml:22:5-79
MERGED from [com.google.android.gms:play-services-analytics:10.0.0] AndroidManifest.xml:21:5-78
MERGED from [com.google.android.gms:play-services-analytics-impl:10.0.0] AndroidManifest.xml:21:5-78
MERGED from [com.google.android.gms:play-services-analytics-impl:10.0.0] AndroidManifest.xml:21:5-78
	android:name
		ADDED from [com.onesignal:OneSignal:3.4.1] AndroidManifest.xml:22:22-76
uses-permission#android.permission.RECEIVE_BOOT_COMPLETED
ADDED from [com.onesignal:OneSignal:3.4.1] AndroidManifest.xml:23:5-81
	android:name
		ADDED from [com.onesignal:OneSignal:3.4.1] AndroidManifest.xml:23:22-78
uses-permission#com.sec.android.provider.badge.permission.READ
ADDED from [com.onesignal:OneSignal:3.4.1] AndroidManifest.xml:25:5-86
	android:name
		ADDED from [com.onesignal:OneSignal:3.4.1] AndroidManifest.xml:25:22-83
uses-permission#com.sec.android.provider.badge.permission.WRITE
ADDED from [com.onesignal:OneSignal:3.4.1] AndroidManifest.xml:26:5-87
	android:name
		ADDED from [com.onesignal:OneSignal:3.4.1] AndroidManifest.xml:26:22-84
uses-permission#com.htc.launcher.permission.READ_SETTINGS
ADDED from [com.onesignal:OneSignal:3.4.1] AndroidManifest.xml:27:5-81
	android:name
		ADDED from [com.onesignal:OneSignal:3.4.1] AndroidManifest.xml:27:22-78
uses-permission#com.htc.launcher.permission.UPDATE_SHORTCUT
ADDED from [com.onesignal:OneSignal:3.4.1] AndroidManifest.xml:28:5-83
	android:name
		ADDED from [com.onesignal:OneSignal:3.4.1] AndroidManifest.xml:28:22-80
uses-permission#com.sonyericsson.home.permission.BROADCAST_BADGE
ADDED from [com.onesignal:OneSignal:3.4.1] AndroidManifest.xml:29:5-88
	android:name
		ADDED from [com.onesignal:OneSignal:3.4.1] AndroidManifest.xml:29:22-85
uses-permission#com.sonymobile.home.permission.PROVIDER_INSERT_BADGE
ADDED from [com.onesignal:OneSignal:3.4.1] AndroidManifest.xml:30:5-92
	android:name
		ADDED from [com.onesignal:OneSignal:3.4.1] AndroidManifest.xml:30:22-89
uses-permission#com.anddoes.launcher.permission.UPDATE_COUNT
ADDED from [com.onesignal:OneSignal:3.4.1] AndroidManifest.xml:31:5-84
	android:name
		ADDED from [com.onesignal:OneSignal:3.4.1] AndroidManifest.xml:31:22-81
uses-permission#com.majeur.launcher.permission.UPDATE_BADGE
ADDED from [com.onesignal:OneSignal:3.4.1] AndroidManifest.xml:32:5-83
	android:name
		ADDED from [com.onesignal:OneSignal:3.4.1] AndroidManifest.xml:32:22-80
uses-permission#com.huawei.android.launcher.permission.CHANGE_BADGE
ADDED from [com.onesignal:OneSignal:3.4.1] AndroidManifest.xml:33:5-91
	android:name
		ADDED from [com.onesignal:OneSignal:3.4.1] AndroidManifest.xml:33:22-88
uses-permission#com.huawei.android.launcher.permission.READ_SETTINGS
ADDED from [com.onesignal:OneSignal:3.4.1] AndroidManifest.xml:34:5-92
	android:name
		ADDED from [com.onesignal:OneSignal:3.4.1] AndroidManifest.xml:34:22-89
uses-permission#com.huawei.android.launcher.permission.WRITE_SETTINGS
ADDED from [com.onesignal:OneSignal:3.4.1] AndroidManifest.xml:35:5-93
	android:name
		ADDED from [com.onesignal:OneSignal:3.4.1] AndroidManifest.xml:35:22-90
meta-data#onesignal_app_id
ADDED from [com.onesignal:OneSignal:3.4.1] AndroidManifest.xml:38:9-40:51
	android:value
		ADDED from [com.onesignal:OneSignal:3.4.1] AndroidManifest.xml:40:13-48
	android:name
		ADDED from [com.onesignal:OneSignal:3.4.1] AndroidManifest.xml:39:13-44
meta-data#onesignal_google_project_number
ADDED from [com.onesignal:OneSignal:3.4.1] AndroidManifest.xml:41:9-43:70
	android:value
		ADDED from [com.onesignal:OneSignal:3.4.1] AndroidManifest.xml:43:13-67
	android:name
		ADDED from [com.onesignal:OneSignal:3.4.1] AndroidManifest.xml:42:13-59
receiver#com.onesignal.GcmBroadcastReceiver
ADDED from [com.onesignal:OneSignal:3.4.1] AndroidManifest.xml:45:9-53:20
	android:permission
		ADDED from [com.onesignal:OneSignal:3.4.1] AndroidManifest.xml:47:13-73
	android:name
		ADDED from [com.onesignal:OneSignal:3.4.1] AndroidManifest.xml:46:13-62
intent-filter#${applicationId}+com.google.android.c2dm.intent.RECEIVE
ADDED from [com.onesignal:OneSignal:3.4.1] AndroidManifest.xml:48:13-52:29
action#com.google.android.c2dm.intent.RECEIVE
ADDED from [com.onesignal:OneSignal:3.4.1] AndroidManifest.xml:49:17-81
	android:name
		ADDED from [com.onesignal:OneSignal:3.4.1] AndroidManifest.xml:49:25-78
category#${applicationId}
ADDED from [com.onesignal:OneSignal:3.4.1] AndroidManifest.xml:51:17-61
	android:name
		ADDED from [com.onesignal:OneSignal:3.4.1] AndroidManifest.xml:51:27-58
receiver#com.onesignal.NotificationOpenedReceiver
ADDED from [com.onesignal:OneSignal:3.4.1] AndroidManifest.xml:54:9-77
	android:name
		ADDED from [com.onesignal:OneSignal:3.4.1] AndroidManifest.xml:54:19-74
service#com.onesignal.GcmIntentService
ADDED from [com.onesignal:OneSignal:3.4.1] AndroidManifest.xml:56:9-66
	android:name
		ADDED from [com.onesignal:OneSignal:3.4.1] AndroidManifest.xml:56:18-63
service#com.onesignal.SyncService
ADDED from [com.onesignal:OneSignal:3.4.1] AndroidManifest.xml:57:9-61
	android:name
		ADDED from [com.onesignal:OneSignal:3.4.1] AndroidManifest.xml:57:18-58
activity#com.onesignal.PermissionsActivity
ADDED from [com.onesignal:OneSignal:3.4.1] AndroidManifest.xml:59:9-61:75
	android:theme
		ADDED from [com.onesignal:OneSignal:3.4.1] AndroidManifest.xml:61:13-72
	android:name
		ADDED from [com.onesignal:OneSignal:3.4.1] AndroidManifest.xml:60:13-61
service#com.onesignal.NotificationRestoreService
ADDED from [com.onesignal:OneSignal:3.4.1] AndroidManifest.xml:63:9-76
	android:name
		ADDED from [com.onesignal:OneSignal:3.4.1] AndroidManifest.xml:63:18-73
receiver#com.onesignal.BootUpReceiver
ADDED from [com.onesignal:OneSignal:3.4.1] AndroidManifest.xml:65:9-70:20
	android:name
		ADDED from [com.onesignal:OneSignal:3.4.1] AndroidManifest.xml:65:19-62
intent-filter#android.intent.action.BOOT_COMPLETED+android.intent.action.QUICKBOOT_POWERON
ADDED from [com.onesignal:OneSignal:3.4.1] AndroidManifest.xml:66:13-69:29
action#android.intent.action.BOOT_COMPLETED
ADDED from [com.onesignal:OneSignal:3.4.1] AndroidManifest.xml:67:17-79
	android:name
		ADDED from [com.onesignal:OneSignal:3.4.1] AndroidManifest.xml:67:25-76
action#android.intent.action.QUICKBOOT_POWERON
ADDED from [com.onesignal:OneSignal:3.4.1] AndroidManifest.xml:68:17-82
	android:name
		ADDED from [com.onesignal:OneSignal:3.4.1] AndroidManifest.xml:68:25-79
receiver#com.onesignal.UpgradeReceiver
ADDED from [com.onesignal:OneSignal:3.4.1] AndroidManifest.xml:71:9-75:20
	android:name
		ADDED from [com.onesignal:OneSignal:3.4.1] AndroidManifest.xml:71:19-63
intent-filter#android.intent.action.MY_PACKAGE_REPLACED
ADDED from [com.onesignal:OneSignal:3.4.1] AndroidManifest.xml:72:13-74:29
action#android.intent.action.MY_PACKAGE_REPLACED
ADDED from [com.onesignal:OneSignal:3.4.1] AndroidManifest.xml:73:17-84
	android:name
		ADDED from [com.onesignal:OneSignal:3.4.1] AndroidManifest.xml:73:25-81
activity#com.google.android.gms.common.api.GoogleApiActivity
ADDED from [com.google.android.gms:play-services-base:10.0.0] AndroidManifest.xml:19:9-172
MERGED from [com.google.android.gms:play-services-base:10.0.0] AndroidManifest.xml:19:9-172
MERGED from [com.google.android.gms:play-services-base:10.0.0] AndroidManifest.xml:19:9-172
MERGED from [com.google.android.gms:play-services-base:10.0.0] AndroidManifest.xml:19:9-172
MERGED from [com.google.android.gms:play-services-base:10.0.0] AndroidManifest.xml:19:9-172
MERGED from [com.google.android.gms:play-services-base:10.0.0] AndroidManifest.xml:19:9-172
MERGED from [com.google.android.gms:play-services-base:10.0.0] AndroidManifest.xml:19:9-172